d:\downloads\alaska 2\alaska 2\alaska 2\x64\debug\alaska 2.pch
d:\downloads\alaska 2\alaska 2\alaska 2\x64\debug\vc141.pdb
d:\downloads\alaska 2\alaska 2\alaska 2\x64\debug\vc141.idb
d:\downloads\alaska 2\alaska 2\alaska 2\x64\debug\stdafx.obj
d:\downloads\alaska 2\alaska 2\alaska 2\x64\debug\tree.obj
d:\downloads\alaska 2\alaska 2\alaska 2\x64\debug\specialelements.obj
d:\downloads\alaska 2\alaska 2\alaska 2\x64\debug\region.obj
d:\downloads\alaska 2\alaska 2\alaska 2\x64\debug\map.obj
d:\downloads\alaska 2\alaska 2\alaska 2\x64\debug\man.obj
d:\downloads\alaska 2\alaska 2\alaska 2\x64\debug\list.obj
d:\downloads\alaska 2\alaska 2\alaska 2\x64\debug\game.obj
d:\downloads\alaska 2\alaska 2\alaska 2\x64\debug\drawingobjects.obj
d:\downloads\alaska 2\alaska 2\alaska 2\x64\debug\bag.obj
d:\downloads\alaska 2\alaska 2\alaska 2\x64\debug\alaska2.obj
d:\downloads\alaska 2\alaska 2\x64\debug\alaska 2.pdb
d:\downloads\alaska 2\alaska 2\alaska 2\x64\debug\alaska 2.tlog\cl.command.1.tlog
d:\downloads\alaska 2\alaska 2\alaska 2\x64\debug\alaska 2.tlog\cl.read.1.tlog
d:\downloads\alaska 2\alaska 2\alaska 2\x64\debug\alaska 2.tlog\cl.write.1.tlog
d:\downloads\alaska 2\alaska 2\alaska 2\x64\debug\alaska 2.tlog\link-cvtres.read.1.tlog
d:\downloads\alaska 2\alaska 2\alaska 2\x64\debug\alaska 2.tlog\link-cvtres.write.1.tlog
d:\downloads\alaska 2\alaska 2\alaska 2\x64\debug\alaska 2.tlog\link-rc.read.1.tlog
d:\downloads\alaska 2\alaska 2\alaska 2\x64\debug\alaska 2.tlog\link-rc.write.1.tlog
d:\downloads\alaska 2\alaska 2\alaska 2\x64\debug\alaska 2.tlog\link.command.1.tlog
d:\downloads\alaska 2\alaska 2\alaska 2\x64\debug\alaska 2.tlog\link.read.1.tlog
d:\downloads\alaska 2\alaska 2\alaska 2\x64\debug\alaska 2.tlog\link.write.1.tlog
