c:\users\user peter\source\repos\alaska 2\alaska 2\debug\alaska 2.pch
c:\users\user peter\source\repos\alaska 2\alaska 2\debug\vc141.pdb
c:\users\user peter\source\repos\alaska 2\alaska 2\debug\vc141.idb
c:\users\user peter\source\repos\alaska 2\alaska 2\debug\stdafx.obj
c:\users\user peter\source\repos\alaska 2\alaska 2\debug\alaska2.obj
c:\users\user peter\source\repos\alaska 2\alaska 2\debug\bag.obj
c:\users\user peter\source\repos\alaska 2\alaska 2\debug\drawingobjects.obj
c:\users\user peter\source\repos\alaska 2\alaska 2\debug\game.obj
c:\users\user peter\source\repos\alaska 2\alaska 2\debug\list.obj
c:\users\user peter\source\repos\alaska 2\alaska 2\debug\man.obj
c:\users\user peter\source\repos\alaska 2\alaska 2\debug\map.obj
c:\users\user peter\source\repos\alaska 2\alaska 2\debug\region.obj
c:\users\user peter\source\repos\alaska 2\alaska 2\debug\specialelements.obj
c:\users\user peter\source\repos\alaska 2\alaska 2\debug\tree.obj
c:\users\user peter\source\repos\alaska 2\debug\alaska 2.exe
c:\users\user peter\source\repos\alaska 2\debug\alaska 2.ilk
c:\users\user peter\source\repos\alaska 2\debug\alaska 2.pdb
c:\users\user peter\source\repos\alaska 2\alaska 2\debug\alaska 2.tlog\cl.command.1.tlog
c:\users\user peter\source\repos\alaska 2\alaska 2\debug\alaska 2.tlog\cl.read.1.tlog
c:\users\user peter\source\repos\alaska 2\alaska 2\debug\alaska 2.tlog\cl.write.1.tlog
c:\users\user peter\source\repos\alaska 2\alaska 2\debug\alaska 2.tlog\link.command.1.tlog
c:\users\user peter\source\repos\alaska 2\alaska 2\debug\alaska 2.tlog\link.read.1.tlog
c:\users\user peter\source\repos\alaska 2\alaska 2\debug\alaska 2.tlog\link.write.1.tlog
